<?xml version="1.0" encoding="UTF-8"?>
<!-- Generated by org.testng.reporters.JUnitXMLReporter -->
<testsuite hostname="LAPTOP-M037PSRF" ignored="0" name="Default test" tests="4" failures="0" timestamp="01 Feb 2021 13:58:55 GMT" time="0.035" errors="0">
  <testcase name="div" time="0.008" classname="Com.qa.test.demotest"/>
  <testcase name="mul" time="0.002" classname="Com.qa.test.demotest"/>
  <testcase name="sub" time="0.001" classname="Com.qa.test.demotest"/>
  <testcase name="sum" time="0.001" classname="Com.qa.test.demotest"/>
</testsuite> <!-- Default test -->
