<?xml version="1.0" encoding="UTF-8"?>
<!-- Generated by org.testng.reporters.JUnitXMLReporter -->
<testsuite hostname="LAPTOP-M037PSRF" ignored="0" name="Test" tests="9" failures="0" timestamp="01 Feb 2021 15:19:13 GMT" time="0.11" errors="0">
  <testcase name="shouldAnswerWithTrue" time="0.047" classname="mavennaveen.mavennaveen.AppTest"/>
  <testcase name="div" time="0.003" classname="Com.qa.test.demotest"/>
  <testcase name="mul" time="0.003" classname="Com.qa.test.demotest"/>
  <testcase name="sub" time="0.002" classname="Com.qa.test.demotest"/>
  <testcase name="sum" time="0.001" classname="Com.qa.test.demotest"/>
  <testcase name="div" time="0.002" classname="Com.qa.test.demotest1"/>
  <testcase name="mul" time="0.001" classname="Com.qa.test.demotest1"/>
  <testcase name="sub" time="0.002" classname="Com.qa.test.demotest1"/>
  <testcase name="sum" time="0.001" classname="Com.qa.test.demotest1"/>
</testsuite> <!-- Test -->
