<?xml version="1.0" encoding="UTF-8"?>
<testng-results skipped="0" failed="0" ignored="0" total="9" passed="9">
  <reporter-output>
  </reporter-output>
  <suite name="Suite" duration-ms="110" started-at="2021-02-01T15:19:12Z" finished-at="2021-02-01T15:19:12Z">
    <groups>
    </groups>
    <test name="Test" duration-ms="110" started-at="2021-02-01T15:19:12Z" finished-at="2021-02-01T15:19:12Z">
      <class name="Com.qa.test.demotest">
        <test-method status="PASS" signature="div()[pri:0, instance:Com.qa.test.demotest@612fc6eb]" name="div" duration-ms="3" started-at="2021-02-01T15:19:12Z" finished-at="2021-02-01T15:19:12Z">
          <reporter-output>
          </reporter-output>
        </test-method> <!-- div -->
        <test-method status="PASS" signature="mul()[pri:0, instance:Com.qa.test.demotest@612fc6eb]" name="mul" duration-ms="3" started-at="2021-02-01T15:19:12Z" finished-at="2021-02-01T15:19:12Z">
          <reporter-output>
          </reporter-output>
        </test-method> <!-- mul -->
        <test-method status="PASS" signature="sub()[pri:0, instance:Com.qa.test.demotest@612fc6eb]" name="sub" duration-ms="2" started-at="2021-02-01T15:19:12Z" finished-at="2021-02-01T15:19:12Z">
          <reporter-output>
          </reporter-output>
        </test-method> <!-- sub -->
        <test-method status="PASS" signature="sum()[pri:0, instance:Com.qa.test.demotest@612fc6eb]" name="sum" duration-ms="1" started-at="2021-02-01T15:19:12Z" finished-at="2021-02-01T15:19:12Z">
          <reporter-output>
          </reporter-output>
        </test-method> <!-- sum -->
      </class> <!-- Com.qa.test.demotest -->
      <class name="mavennaveen.mavennaveen.AppTest">
        <test-method status="PASS" signature="shouldAnswerWithTrue()[pri:0, instance:mavennaveen.mavennaveen.AppTest@eafc191]" name="shouldAnswerWithTrue" duration-ms="47" started-at="2021-02-01T15:19:12Z" finished-at="2021-02-01T15:19:12Z">
          <reporter-output>
          </reporter-output>
        </test-method> <!-- shouldAnswerWithTrue -->
      </class> <!-- mavennaveen.mavennaveen.AppTest -->
      <class name="Com.qa.test.demotest1">
        <test-method status="PASS" signature="div()[pri:0, instance:Com.qa.test.demotest1@1060b431]" name="div" duration-ms="2" started-at="2021-02-01T15:19:12Z" finished-at="2021-02-01T15:19:12Z">
          <reporter-output>
          </reporter-output>
        </test-method> <!-- div -->
        <test-method status="PASS" signature="mul()[pri:0, instance:Com.qa.test.demotest1@1060b431]" name="mul" duration-ms="1" started-at="2021-02-01T15:19:12Z" finished-at="2021-02-01T15:19:12Z">
          <reporter-output>
          </reporter-output>
        </test-method> <!-- mul -->
        <test-method status="PASS" signature="sub()[pri:0, instance:Com.qa.test.demotest1@1060b431]" name="sub" duration-ms="2" started-at="2021-02-01T15:19:12Z" finished-at="2021-02-01T15:19:12Z">
          <reporter-output>
          </reporter-output>
        </test-method> <!-- sub -->
        <test-method status="PASS" signature="sum()[pri:0, instance:Com.qa.test.demotest1@1060b431]" name="sum" duration-ms="1" started-at="2021-02-01T15:19:12Z" finished-at="2021-02-01T15:19:12Z">
          <reporter-output>
          </reporter-output>
        </test-method> <!-- sum -->
      </class> <!-- Com.qa.test.demotest1 -->
    </test> <!-- Test -->
  </suite> <!-- Suite -->
</testng-results>
